<?xml version="1.0" encoding="UTF-8"?>
<!-- Generated by org.testng.reporters.JUnitReportReporter -->
<testsuite skipped="0" hostname="DESKTOP-O2DK7QJ" name="com.inetbanking.testCases.TC_LoginTest_001" tests="1" failures="0" timestamp="2019-08-25T22:37:32 IDT" time="5.519" errors="0">
  <testcase name="loginTest" time="5.519" classname="com.inetbanking.testCases.TC_LoginTest_001"/>
</testsuite> <!-- com.inetbanking.testCases.TC_LoginTest_001 -->
